<ФайлПФР>
    <ИмяФайла>
        <НазваниеФормата>fb2</НазваниеФормата>
        <НазваниеПрограммы />
    </ИмяФайла>
    <ТипФайла>
        <Запрос name="Имя" version="2.0"/>
        <ОписаниеТиповФайла>Внешний</ОписаниеТиповФайла>
        <!-- <Запрос/> -->
    </ТипФайла>
    <ТипФайла>
        <ОписаниеТиповФайла>Встроенный</ОписаниеТиповФайла>
        <Запрос />
    </ТипФайла>

    <Параметры>
        <Параметр Имя="ДокументыПоступленияВозвратаТоваровВыгрузкаСсылки" Наименование="ДокументыПоступленияВозвратаТоваровВыгрузкаСсылки" ИспользуетсяПриЗагрузке="false" УстанавливатьВДиалоге="false" ТипЗначения="ДокументСсылка.ПоступлениеТоваровУслуг" ПередаватьПараметрПриВыгрузке="false" ПравилоКонвертации="ПоступлениеТоваровУслугВНТТ" />
        <Параметр Имя="ЛогФайл" Наименование="ЛогФайл" ИспользуетсяПриЗагрузке="false" УстанавливатьВДиалоге="false" ПередаватьПараметрПриВыгрузке="false" />
        <Параметр Имя="СтруктураНевыгружаемыхДокументовРасчетов" Наименование="СтруктураНевыгружаемыхДокументовРасчетов" ИспользуетсяПриЗагрузке="false" УстанавливатьВДиалоге="false" ПередаватьПараметрПриВыгрузке="false" />
    </Параметры>
</ФайлПФР>